<?xml version="1.0" encoding="UTF-8"?>
<testsuite xmlns:xsi="http://www.w3.org/2001/XMLSchema-instance" xsi:noNamespaceSchemaLocation="https://maven.apache.org/surefire/maven-surefire-plugin/xsd/surefire-test-report.xsd" version="3.0.2" name="TestSuite" time="46.199" tests="5" errors="0" skipped="0" failures="0">
  <properties>
[...]
</properties>
  <testcase name="runScenario[&quot;Verify page title of homepage&quot;, &quot;Homepage functionality of QaFox&quot;](1)" classname="Runner.RunnerClass" time="8.369">
    <system-out><![CDATA[
Scenario: Verify page title of homepage             &amp#27;[90m# src/test/resources/App_Features/Homepage.feature:3&amp#27;[0m
  &amp#27;[32mGiven &amp#27;[0m&amp#27;[32mUser is at homepage of QaFox&amp#27;[0m                &amp#27;[90m# StepDefination.Homepage_StepDef.user_is_at_homepage_of_qa_fox()&amp#27;[0m

    Embedding [B@b10a26d [image/png 137972 bytes]

  &amp#27;[32mThen &amp#27;[0m&amp#27;[32mPage title should be display as &amp#27;[0m&amp#27;[32m&amp#27;[1m"Your Store"&amp#27;[0m &amp#27;[90m# StepDefination.Homepage_StepDef.page_title_should_be_display_as(java.lang.String)&amp#27;[0m

    Embedding [B@10ee04df [image/png 137972 bytes]

]]></system-out>
    <system-err><![CDATA[SLF4J: Failed to load class "org.slf4j.impl.StaticLoggerBinder".
SLF4J: Defaulting to no-operation (NOP) logger implementation
SLF4J: See http://www.slf4j.org/codes.html#StaticLoggerBinder for further details.
]]></system-err>
  </testcase>
  <testcase name="runScenario[&quot;Verify shopping cart icon on homepage&quot;, &quot;Homepage functionality of QaFox&quot;](2)" classname="Runner.RunnerClass" time="6.012">
    <system-out><![CDATA[
Scenario: Verify shopping cart icon on homepage         &amp#27;[90m# src/test/resources/App_Features/Homepage.feature:8&amp#27;[0m
  &amp#27;[32mGiven &amp#27;[0m&amp#27;[32mUser is at homepage of QaFox&amp#27;[0m                    &amp#27;[90m# StepDefination.Homepage_StepDef.user_is_at_homepage_of_qa_fox()&amp#27;[0m

    Embedding [B@1cb7936c [image/png 137193 bytes]

  &amp#27;[32mThen &amp#27;[0m&amp#27;[32mShopping cart icon should be display on homepage&amp#27;[0m &amp#27;[90m# StepDefination.Homepage_StepDef.shopping_cart_icon_should_be_display_on_homepage()&amp#27;[0m

    Embedding [B@1eb2d371 [image/png 137193 bytes]

]]></system-out>
  </testcase>
  <testcase name="runScenario[&quot;Checkout feature fucntionality on homepage&quot;, &quot;Homepage functionality of QaFox&quot;](3)" classname="Runner.RunnerClass" time="8.77">
    <system-out><![CDATA[
Scenario: Checkout feature fucntionality on homepage    &amp#27;[90m# src/test/resources/App_Features/Homepage.feature:13&amp#27;[0m
  &amp#27;[32mGiven &amp#27;[0m&amp#27;[32mUser is at homepage of QaFox&amp#27;[0m                    &amp#27;[90m# StepDefination.Homepage_StepDef.user_is_at_homepage_of_qa_fox()&amp#27;[0m

    Embedding [B@6ae3fb94 [image/png 134946 bytes]

  &amp#27;[32mWhen &amp#27;[0m&amp#27;[32mUser clicks on iphone of featured option&amp#27;[0m         &amp#27;[90m# StepDefination.Homepage_StepDef.user_clicks_on_iphone_of_featured_option()&amp#27;[0m

    Embedding [B@5cb042da [image/png 100480 bytes]

  &amp#27;[32mThen &amp#27;[0m&amp#27;[32mUser able to see brand name of iphone as &amp#27;[0m&amp#27;[32m&amp#27;[1m"Apple"&amp#27;[0m &amp#27;[90m# StepDefination.Homepage_StepDef.user_able_to_see_brand_name_of_iphone_as(java.lang.String)&amp#27;[0m

    Embedding [B@351f2244 [image/png 100480 bytes]

]]></system-out>
  </testcase>
  <testcase name="runScenario[&quot;Login functionality of QaFox&quot;, &quot;Homepage functionality of QaFox&quot;](4)" classname="Runner.RunnerClass" time="11.487">
    <system-out><![CDATA[
Scenario Outline: Login functionality of QaFox                                    &amp#27;[90m# src/test/resources/App_Features/Homepage.feature:28&amp#27;[0m
  &amp#27;[32mGiven &amp#27;[0m&amp#27;[32mUser is at homepage of QaFox&amp#27;[0m                                              &amp#27;[90m# StepDefination.Homepage_StepDef.user_is_at_homepage_of_qa_fox()&amp#27;[0m

    Embedding [B@56f521c6 [image/png 137193 bytes]

  &amp#27;[32mWhen &amp#27;[0m&amp#27;[32mUser clicks on My account dropdown&amp#27;[0m                                         &amp#27;[90m# StepDefination.Homepage_StepDef.user_clicks_on_my_account_dropdown()&amp#27;[0m

    Embedding [B@27e5b378 [image/png 139753 bytes]

  &amp#27;[32mAnd &amp#27;[0m&amp#27;[32mUser clicks on login option&amp#27;[0m                                                 &amp#27;[90m# StepDefination.Homepage_StepDef.user_clicks_on_login_option()&amp#27;[0m

    Embedding [B@4867ab9f [image/png 57621 bytes]

  &amp#27;[32mAnd &amp#27;[0m&amp#27;[32mUser enter login credentials as &amp#27;[0m&amp#27;[32m&amp#27;[1m"priya.patil6614@gmail.com"&amp#27;[0m&amp#27;[32m and &amp#27;[0m&amp#27;[32m&amp#27;[1m"Piyu@1903"&amp#27;[0m &amp#27;[90m# StepDefination.Homepage_StepDef.user_enter_login_credentials_as_and(java.lang.String,java.lang.String)&amp#27;[0m

    Embedding [B@3e17a0a1 [image/png 58911 bytes]

  &amp#27;[32mAnd &amp#27;[0m&amp#27;[32mUser clicks on login button&amp#27;[0m                                                 &amp#27;[90m# StepDefination.Homepage_StepDef.user_clicks_on_login_button()&amp#27;[0m

    Embedding [B@4fc142ec [image/png 53359 bytes]

  &amp#27;[32mThen &amp#27;[0m&amp#27;[32mUser should be redirected to my account page as &amp#27;[0m&amp#27;[32m&amp#27;[1m"My Account"&amp#27;[0m               &amp#27;[90m# StepDefination.Homepage_StepDef.user_should_be_redirected_to_my_account_page_as(java.lang.String)&amp#27;[0m

    Embedding [B@14229fa7 [image/png 53359 bytes]

]]></system-out>
  </testcase>
  <testcase name="runScenario[&quot;Search product in search feild&quot;, &quot;Search functioanlity of QaFox&quot;](5)" classname="Runner.RunnerClass" time="8.35">
    <system-out><![CDATA[
Scenario: Search product in search feild                                         &amp#27;[90m# src/test/resources/App_Features/SearchProduct.feature:3&amp#27;[0m
  &amp#27;[32mGiven &amp#27;[0m&amp#27;[32mUser is at homepage of QaFox&amp#27;[0m                                             &amp#27;[90m# StepDefination.Homepage_StepDef.user_is_at_homepage_of_qa_fox()&amp#27;[0m

    Embedding [B@73010765 [image/png 137193 bytes]

  &amp#27;[32mWhen &amp#27;[0m&amp#27;[32mUser enters a product name as &amp#27;[0m&amp#27;[32m&amp#27;[1m"Macbook"&amp#27;[0m                                   &amp#27;[90m# StepDefination.SearchProduct_stepdef.user_enters_a_product_name_as(java.lang.String)&amp#27;[0m

    Embedding [B@29138d3a [image/png 52450 bytes]

  &amp#27;[32mThen &amp#27;[0m&amp#27;[32mAll items related should display as &amp#27;[0m&amp#27;[32m&amp#27;[1m"MacBook"&amp#27;[0m&amp#27;[32m &amp#27;[0m&amp#27;[32m&amp#27;[1m"MacBook Air"&amp#27;[0m&amp#27;[32m &amp#27;[0m&amp#27;[32m&amp#27;[1m"MacBook Pro"&amp#27;[0m &amp#27;[90m# StepDefination.SearchProduct_stepdef.all_items_related_should_display_as(java.lang.String,java.lang.String,java.lang.String)&amp#27;[0m

    Embedding [B@317e9c3c [image/png 52450 bytes]

]]></system-out>
  </testcase>
</testsuite>