<?xml version="1.0" encoding="UTF-8"?>
<testng-results ignored="0" total="5" passed="5" failed="0" skipped="0">
  <reporter-output>
  </reporter-output>
  <suite started-at="2025-06-30T14:47:58 IST" name="Suite" finished-at="2025-06-30T14:48:43 IST" duration-ms="44677">
    <groups>
      <group name="cucumber">
        <method signature="AbstractTestNGCucumberTests.runScenario(io.cucumber.testng.PickleWrapper,io.cucumber.testng.FeatureWrapper)[pri:0, instance:Runner.RunnerClass@765d7657]" name="runScenario" class="io.cucumber.testng.AbstractTestNGCucumberTests"/>
      </group> <!-- cucumber -->
    </groups>
    <test started-at="2025-06-30T14:47:58 IST" name="Test" finished-at="2025-06-30T14:48:43 IST" duration-ms="44677">
      <class name="Runner.RunnerClass">
        <test-method is-config="true" signature="setUpClass(org.testng.ITestContext)[pri:0, instance:Runner.RunnerClass@765d7657]" started-at="2025-06-30T14:47:58 IST" name="setUpClass" finished-at="2025-06-30T14:47:59 IST" duration-ms="915" status="PASS">
          <params>
            <param index="0">
              <value>
                <![CDATA[org.testng.TestRunner@3b1dc579]]>
              </value>
            </param>
          </params>
          <reporter-output>
          </reporter-output>
        </test-method> <!-- setUpClass -->
        <test-method signature="runScenario(io.cucumber.testng.PickleWrapper,io.cucumber.testng.FeatureWrapper)[pri:0, instance:Runner.RunnerClass@765d7657]" started-at="2025-06-30T14:47:59 IST" name="runScenario" description="Runs Cucumber Scenarios" data-provider="scenarios" finished-at="2025-06-30T14:48:07 IST" duration-ms="8369" status="PASS">
          <params>
            <param index="0">
              <value>
                <![CDATA["Verify page title of homepage"]]>
              </value>
            </param>
            <param index="1">
              <value>
                <![CDATA["Homepage functionality of QaFox"]]>
              </value>
            </param>
          </params>
          <reporter-output>
          </reporter-output>
        </test-method> <!-- runScenario -->
        <test-method signature="runScenario(io.cucumber.testng.PickleWrapper,io.cucumber.testng.FeatureWrapper)[pri:0, instance:Runner.RunnerClass@765d7657]" started-at="2025-06-30T14:48:07 IST" name="runScenario" description="Runs Cucumber Scenarios" data-provider="scenarios" finished-at="2025-06-30T14:48:14 IST" duration-ms="6020" status="PASS">
          <params>
            <param index="0">
              <value>
                <![CDATA["Verify shopping cart icon on homepage"]]>
              </value>
            </param>
            <param index="1">
              <value>
                <![CDATA["Homepage functionality of QaFox"]]>
              </value>
            </param>
          </params>
          <reporter-output>
          </reporter-output>
        </test-method> <!-- runScenario -->
        <test-method signature="runScenario(io.cucumber.testng.PickleWrapper,io.cucumber.testng.FeatureWrapper)[pri:0, instance:Runner.RunnerClass@765d7657]" started-at="2025-06-30T14:48:14 IST" name="runScenario" description="Runs Cucumber Scenarios" data-provider="scenarios" finished-at="2025-06-30T14:48:22 IST" duration-ms="8771" status="PASS">
          <params>
            <param index="0">
              <value>
                <![CDATA["Checkout feature fucntionality on homepage"]]>
              </value>
            </param>
            <param index="1">
              <value>
                <![CDATA["Homepage functionality of QaFox"]]>
              </value>
            </param>
          </params>
          <reporter-output>
          </reporter-output>
        </test-method> <!-- runScenario -->
        <test-method signature="runScenario(io.cucumber.testng.PickleWrapper,io.cucumber.testng.FeatureWrapper)[pri:0, instance:Runner.RunnerClass@765d7657]" started-at="2025-06-30T14:48:22 IST" name="runScenario" description="Runs Cucumber Scenarios" data-provider="scenarios" finished-at="2025-06-30T14:48:34 IST" duration-ms="11487" status="PASS">
          <params>
            <param index="0">
              <value>
                <![CDATA["Login functionality of QaFox"]]>
              </value>
            </param>
            <param index="1">
              <value>
                <![CDATA["Homepage functionality of QaFox"]]>
              </value>
            </param>
          </params>
          <reporter-output>
          </reporter-output>
        </test-method> <!-- runScenario -->
        <test-method signature="runScenario(io.cucumber.testng.PickleWrapper,io.cucumber.testng.FeatureWrapper)[pri:0, instance:Runner.RunnerClass@765d7657]" started-at="2025-06-30T14:48:34 IST" name="runScenario" description="Runs Cucumber Scenarios" data-provider="scenarios" finished-at="2025-06-30T14:48:42 IST" duration-ms="8351" status="PASS">
          <params>
            <param index="0">
              <value>
                <![CDATA["Search product in search feild"]]>
              </value>
            </param>
            <param index="1">
              <value>
                <![CDATA["Search functioanlity of QaFox"]]>
              </value>
            </param>
          </params>
          <reporter-output>
          </reporter-output>
        </test-method> <!-- runScenario -->
        <test-method is-config="true" signature="tearDownClass()[pri:0, instance:Runner.RunnerClass@765d7657]" started-at="2025-06-30T14:48:42 IST" name="tearDownClass" finished-at="2025-06-30T14:48:43 IST" duration-ms="692" status="PASS">
          <reporter-output>
          </reporter-output>
        </test-method> <!-- tearDownClass -->
      </class> <!-- Runner.RunnerClass -->
    </test> <!-- Test -->
  </suite> <!-- Suite -->
</testng-results>
